\BOOKMARK [0][-]{dummy.1}{\376\377\000D\000e\000c\000l\000a\000r\000a\000t\000i\000o\000n\000\040\000o\000f\000\040\000A\000u\000t\000h\000o\000r\000s\000h\000i\000p}{}% 1
\BOOKMARK [0][-]{dummy.2}{\376\377\000A\000b\000s\000t\000r\000a\000c\000t}{}% 2
\BOOKMARK [0][-]{dummy.3}{\376\377\000A\000c\000k\000n\000o\000w\000l\000e\000d\000g\000e\000m\000e\000n\000t\000s}{}% 3
\BOOKMARK [0][-]{dummy.4}{\376\377\000C\000o\000n\000t\000e\000n\000t\000s}{}% 4
\BOOKMARK [0][-]{dummy.6}{\376\377\000L\000i\000s\000t\000\040\000o\000f\000\040\000F\000i\000g\000u\000r\000e\000s}{}% 5
\BOOKMARK [0][-]{dummy.8}{\376\377\000L\000i\000s\000t\000\040\000o\000f\000\040\000T\000a\000b\000l\000e\000s}{}% 6
\BOOKMARK [0][-]{dummy.10}{\376\377\000A\000b\000b\000r\000e\000v\000i\000a\000t\000i\000o\000n\000s}{}% 7
\BOOKMARK [0][-]{chapter.13}{\376\377\0001\000\040\000B\000a\000c\000k\000g\000r\000o\000u\000n\000d\000\040\000I\000n\000f\000o\000r\000m\000a\000t\000i\000o\000n}{}% 8
\BOOKMARK [1][-]{section.14}{\376\377\0001\000.\0001\000\040\000E\000l\000d\000e\000r\000l\000y\000\040\000I\000s\000s\000u\000e}{chapter.13}% 9
\BOOKMARK [1][-]{section.17}{\376\377\0001\000.\0002\000\040\000P\000r\000o\000p\000o\000s\000e\000d\000\040\000S\000i\000t\000e}{chapter.13}% 10
\BOOKMARK [2][-]{subsection.18}{\376\377\0001\000.\0002\000.\0001\000\040\000S\000u\000r\000r\000o\000u\000n\000d\000i\000n\000g\000\040\000B\000u\000i\000l\000d\000i\000n\000g\000s}{section.17}% 11
\BOOKMARK [2][-]{subsection.21}{\376\377\0001\000.\0002\000.\0002\000\040\000N\000e\000i\000g\000h\000b\000o\000r\000h\000o\000o\000d\000\040\000C\000o\000n\000t\000e\000x\000t}{section.17}% 12
\BOOKMARK [2][-]{subsection.25}{\376\377\0001\000.\0002\000.\0003\000\040\000H\000i\000s\000t\000o\000r\000i\000c\000\040\000A\000s\000p\000e\000c\000t}{section.17}% 13
\BOOKMARK [2][-]{subsection.27}{\376\377\0001\000.\0002\000.\0004\000\040\000P\000h\000y\000s\000i\000c\000a\000l\000\040\000C\000o\000n\000d\000i\000t\000i\000o\000n}{section.17}% 14
\BOOKMARK [1][-]{section.28}{\376\377\0001\000.\0003\000\040\000P\000r\000e\000v\000i\000o\000u\000s\000\040\000D\000e\000s\000i\000g\000n\000\040\000C\000o\000n\000d\000u\000c\000t\000e\000d}{chapter.13}% 15
\BOOKMARK [1][-]{section.30}{\376\377\0001\000.\0004\000\040\000C\000l\000i\000m\000a\000t\000e}{chapter.13}% 16
\BOOKMARK [1][-]{section.34}{\376\377\0001\000.\0005\000\040\000R\000o\000l\000e\000\040\000o\000f\000\040\000t\000h\000e\000\040\000P\000r\000o\000j\000e\000c\000t}{chapter.13}% 17
\BOOKMARK [2][-]{subsection.35}{\376\377\0001\000.\0005\000.\0001\000\040\000B\000r\000i\000d\000g\000e\000\040\000o\000f\000\040\000C\000o\000n\000v\000e\000r\000s\000a\000t\000i\000o\000n\000\040\000b\000e\000t\000w\000e\000e\000n\000\040\000D\000i\000f\000f\000e\000r\000e\000n\000t\000\040\000A\000g\000e\000\040\000G\000r\000o\000u\000p}{section.34}% 18
\BOOKMARK [3][-]{subsubsection.36}{\376\377\0001\000.\0005\000.\0001\000.\0001\000\040\000C\000r\000e\000a\000t\000i\000n\000g\000\040\000C\000o\000n\000n\000e\000c\000t\000i\000o\000n\000s\000\040\000b\000e\000t\000w\000e\000e\000n\000\040\000t\000h\000e\000\040\000E\000l\000d\000e\000r\000l\000y\000\040\000a\000n\000d\000\040\000C\000h\000i\000l\000d\000r\000e\000n}{subsection.35}% 19
\BOOKMARK [3][-]{subsubsection.37}{\376\377\0001\000.\0005\000.\0001\000.\0002\000\040\000C\000r\000e\000a\000t\000i\000n\000g\000\040\000C\000o\000n\000n\000e\000c\000t\000i\000o\000n\000s\000\040\000b\000e\000t\000w\000e\000e\000n\000\040\000E\000l\000d\000e\000r\000l\000y\000\040\000a\000n\000d\000\040\000S\000t\000u\000d\000e\000n\000t}{subsection.35}% 20
\BOOKMARK [2][-]{subsection.38}{\376\377\0001\000.\0005\000.\0002\000\040\000C\000e\000n\000t\000e\000r\000\040\000f\000o\000r\000\040\000G\000e\000r\000i\000a\000t\000r\000i\000c\000s\000\040\000\050\000A\000g\000i\000n\000g\000\040\000R\000e\000l\000a\000t\000e\000d\000\051\000\040\000R\000e\000s\000e\000a\000r\000c\000h\000e\000s}{section.34}% 21
\BOOKMARK [3][-]{subsubsection.39}{\376\377\0001\000.\0005\000.\0002\000.\0001\000\040\000C\000o\000n\000n\000e\000c\000t\000i\000o\000n\000s\000\040\000t\000o\000\040\000Q\000u\000a\000l\000i\000t\000y\000\040\000o\000f\000\040\000L\000i\000f\000e\000\040\000T\000e\000c\000h\000n\000o\000l\000o\000g\000y\000\040\000\050\000Q\000o\000L\000T\000\051\000\040\000C\000e\000n\000t\000e\000r}{subsection.38}% 22
\BOOKMARK [2][-]{subsection.41}{\376\377\0001\000.\0005\000.\0003\000\040\000C\000o\000m\000m\000u\000n\000i\000t\000y\000\040\000C\000e\000n\000t\000e\000r\000\040\000f\000o\000r\000\040\000t\000h\000e\000\040\000E\000l\000d\000e\000r\000l\000y\000\040\000a\000n\000d\000\040\000O\000t\000h\000e\000r\000\040\000R\000e\000s\000i\000d\000e\000n\000t\000s}{section.34}% 23
\BOOKMARK [2][-]{subsection.42}{\376\377\0001\000.\0005\000.\0004\000\040\000D\000e\000m\000o\000n\000s\000t\000r\000a\000t\000i\000o\000n\000\040\000o\000f\000\040\000A\000d\000v\000a\000n\000c\000e\000d\000\040\000B\000u\000i\000l\000d\000i\000n\000g\000\040\000T\000e\000c\000h\000n\000o\000l\000o\000g\000y\000\040\000a\000n\000d\000\040\000S\000y\000s\000t\000e\000m\000\040\000D\000e\000s\000i\000g\000n}{section.34}% 24
\BOOKMARK [3][-]{subsubsection.43}{\376\377\0001\000.\0005\000.\0004\000.\0001\000\040\000U\000r\000b\000a\000n\000\040\000A\000g\000r\000i\000c\000u\000l\000t\000u\000r\000e}{subsection.42}% 25
\BOOKMARK [3][-]{subsubsection.44}{\376\377\0001\000.\0005\000.\0004\000.\0002\000\040\000S\000u\000s\000t\000a\000i\000n\000a\000b\000l\000e\000\040\000/\000\040\000R\000e\000n\000e\000w\000a\000b\000l\000e\000\040\000E\000n\000e\000r\000g\000y\000\040\000S\000o\000u\000r\000c\000e}{subsection.42}% 26
\BOOKMARK [3][-]{subsubsection.45}{\376\377\0001\000.\0005\000.\0004\000.\0003\000\040\000P\000a\000s\000s\000i\000v\000e\000\040\000S\000t\000r\000a\000t\000e\000g\000y}{subsection.42}% 27
\BOOKMARK [3][-]{subsubsection.46}{\376\377\0001\000.\0005\000.\0004\000.\0004\000\040\000P\000r\000e\000-\000f\000a\000b\000r\000i\000c\000a\000t\000i\000o\000n\000\040\000o\000f\000\040\000B\000u\000i\000l\000d\000i\000n\000g\000\040\000C\000o\000m\000p\000o\000n\000e\000n\000t\000s}{subsection.42}% 28
\BOOKMARK [3][-]{subsubsection.47}{\376\377\0001\000.\0005\000.\0004\000.\0005\000\040\000S\000t\000r\000a\000t\000e\000g\000i\000e\000s\000\040\000f\000o\000r\000\040\000M\000a\000x\000i\000m\000i\000z\000i\000n\000g\000\040\000t\000h\000e\000\040\000I\000n\000d\000o\000o\000r\000\040\000E\000n\000v\000i\000r\000o\000n\000m\000e\000n\000t\000\040\000Q\000u\000a\000l\000i\000t\000y}{subsection.42}% 29
\BOOKMARK [1][-]{section.48}{\376\377\0001\000.\0006\000\040\000D\000e\000s\000i\000g\000n\000\040\000C\000h\000o\000i\000c\000e\000s\000\040\000a\000n\000d\000\040\000C\000o\000n\000c\000e\000r\000n\000s\000\040\000f\000o\000r\000\040\000C\000h\000i\000l\000d\000r\000e\000n\000\040\000a\000n\000d\000\040\000E\000l\000d\000e\000r\000l\000y}{chapter.13}% 30
\BOOKMARK [2][-]{subsection.49}{\376\377\0001\000.\0006\000.\0001\000\040\000I\000n\000t\000e\000g\000r\000a\000t\000e\000d\000\040\000L\000e\000a\000r\000n\000i\000n\000g\000\040\000O\000p\000p\000o\000r\000t\000u\000n\000i\000t\000i\000e\000s}{section.48}% 31
\BOOKMARK [3][-]{subsubsection.50}{\376\377\0001\000.\0006\000.\0001\000.\0001\000\040\000D\000a\000l\000c\000r\000o\000z\000e\000\040\000E\000u\000r\000h\000y\000t\000h\000m\000i\000c\000s}{subsection.49}% 32
\BOOKMARK [3][-]{subsubsection.51}{\376\377\0001\000.\0006\000.\0001\000.\0002\000\040\000E\000l\000d\000e\000r\000l\000y\000\040\000R\000e\000a\000d\000i\000n\000g\000\040\000t\000o\000\040\000C\000h\000i\000l\000d\000r\000e\000n}{subsection.49}% 33
\BOOKMARK [3][-]{subsubsection.53}{\376\377\0001\000.\0006\000.\0001\000.\0003\000\040\000H\000o\000r\000t\000i\000c\000u\000l\000t\000u\000r\000e}{subsection.49}% 34
\BOOKMARK [2][-]{subsection.54}{\376\377\0001\000.\0006\000.\0002\000\040\000M\000o\000b\000i\000l\000i\000t\000y\000\040\000I\000s\000s\000u\000e}{section.48}% 35
\BOOKMARK [0][-]{chapter.55}{\376\377\0002\000\040\000C\000a\000s\000e\000\040\000S\000t\000u\000d\000y}{}% 36
\BOOKMARK [1][-]{section.56}{\376\377\0002\000.\0001\000\040\000G\000e\000n\000e\000r\000a\000l\000\040\000D\000e\000s\000i\000g\000n\000\040\000C\000o\000n\000s\000i\000d\000e\000r\000a\000t\000i\000o\000n\000s\000\040\000o\000f\000\040\000S\000e\000n\000i\000o\000r\000\040\000P\000o\000p\000u\000l\000a\000t\000i\000o\000n}{chapter.55}% 37
\BOOKMARK [1][-]{section.57}{\376\377\0002\000.\0002\000\040\000E\000l\000d\000e\000r\000l\000y\000\040\000a\000n\000d\000\040\000C\000h\000i\000l\000d\000r\000e\000n\000\040\000C\000o\000m\000b\000i\000n\000e\000d\000\040\000F\000a\000c\000i\000l\000i\000t\000y}{chapter.55}% 38
\BOOKMARK [2][-]{subsection.58}{\376\377\0002\000.\0002\000.\0001\000\040\000M\000u\000l\000t\000i\000-\000g\000e\000n\000e\000r\000a\000t\000i\000o\000n\000a\000l\000\040\000H\000o\000u\000s\000i\000n\000g\000\040\000a\000n\000d\000\040\000N\000e\000i\000g\000h\000b\000o\000r\000h\000o\000o\000d\000\040\000C\000e\000n\000t\000e\000r}{section.57}% 39
\BOOKMARK [2][-]{subsection.60}{\376\377\0002\000.\0002\000.\0002\000\040\000M\000i\000x\000e\000d\000-\000g\000e\000n\000e\000r\000a\000t\000i\000o\000n\000\040\000E\000l\000d\000e\000r\000l\000y\000\040\000H\000o\000u\000s\000i\000n\000g}{section.57}% 40
\BOOKMARK [2][-]{subsection.61}{\376\377\0002\000.\0002\000.\0003\000\040\000E\000l\000d\000e\000r\000l\000y\000\040\000H\000o\000u\000s\000i\000n\000g\000\040\000N\000e\000x\000t\000\040\000t\000o\000\040\000K\000i\000n\000d\000e\000r\000g\000a\000r\000t\000e\000n}{section.57}% 41
\BOOKMARK [3][-]{subsubsection.62}{\376\377\0002\000.\0002\000.\0003\000.\0001\000\040\000A\000l\000t\000e\000r\000s\000h\000e\000i\000m\000\040\000F\000u\000r\000t\000t\000a\000l\000,\000\040\000A\000\040\000R\000e\000t\000i\000r\000e\000m\000e\000n\000t\000\040\000H\000o\000m\000e\000\040\000i\000n\000\040\000a\000\040\000S\000w\000i\000s\000s\000\040\000V\000i\000l\000l\000a\000g\000e}{subsection.61}% 42
\BOOKMARK [1][-]{section.64}{\376\377\0002\000.\0003\000\040\000U\000n\000i\000v\000e\000r\000s\000i\000t\000y\000\040\000A\000f\000f\000i\000l\000i\000a\000t\000e\000d\000\040\000S\000e\000n\000i\000o\000r\000\040\000H\000o\000u\000s\000i\000n\000g}{chapter.55}% 43
\BOOKMARK [2][-]{subsection.65}{\376\377\0002\000.\0003\000.\0001\000\040\000I\000t\000h\000a\000c\000a\000\040\000C\000o\000l\000l\000e\000g\000e\000\040\000a\000n\000d\000\040\000L\000o\000n\000g\000v\000i\000e\000w\000\040\000P\000a\000r\000t\000n\000e\000r\000s\000h\000i\000p}{section.64}% 44
\BOOKMARK [3][-]{subsubsection.66}{\376\377\0002\000.\0003\000.\0001\000.\0001\000\040\000C\000o\000n\000n\000e\000c\000t\000i\000o\000n\000s\000\040\000b\000e\000t\000w\000e\000e\000n\000\040\000L\000o\000n\000g\000v\000i\000e\000w\000\040\000a\000n\000d\000\040\000I\000t\000h\000a\000c\000a\000\040\000C\000o\000l\000l\000e\000g\000e}{subsection.65}% 45
\BOOKMARK [3][-]{subsubsection.67}{\376\377\0002\000.\0003\000.\0001\000.\0002\000\040\000S\000i\000t\000e\000\040\000P\000l\000a\000n\000\040\000a\000n\000d\000\040\000B\000u\000i\000l\000d\000i\000n\000g\000\040\000L\000a\000y\000o\000u\000t}{subsection.65}% 46
\BOOKMARK [3][-]{subsubsection.71}{\376\377\0002\000.\0003\000.\0001\000.\0003\000\040\000A\000c\000t\000i\000v\000i\000t\000i\000e\000s}{subsection.65}% 47
\BOOKMARK [3][-]{subsubsection.72}{\376\377\0002\000.\0003\000.\0001\000.\0004\000\040\000H\000o\000u\000s\000i\000n\000g\000\040\000C\000h\000o\000i\000c\000e\000s\000\040\000a\000n\000d\000\040\000U\000n\000i\000t\000\040\000D\000e\000s\000i\000g\000n}{subsection.65}% 48
\BOOKMARK [1][-]{section.77}{\376\377\0002\000.\0004\000\040\000D\000e\000m\000e\000n\000t\000i\000a\000\040\000A\000s\000s\000i\000s\000t\000e\000d\000\040\000L\000i\000v\000i\000n\000g}{chapter.55}% 49
\BOOKMARK [2][-]{subsection.78}{\376\377\0002\000.\0004\000.\0001\000\040\000G\000e\000n\000e\000r\000a\000l\000\040\000I\000n\000t\000r\000o\000d\000u\000c\000t\000i\000o\000n}{section.77}% 50
\BOOKMARK [2][-]{subsection.79}{\376\377\0002\000.\0004\000.\0002\000\040\000D\000e\000s\000i\000g\000n\000\040\000F\000e\000a\000t\000u\000r\000e\000s\000\040\000a\000n\000d\000\040\000C\000o\000n\000c\000e\000r\000n\000s\000\040\000f\000o\000r\000\040\000A\000l\000z\000h\000e\000i\000m\000e\000r\000\040\000C\000a\000r\000e}{section.77}% 51
\BOOKMARK [2][-]{subsection.80}{\376\377\0002\000.\0004\000.\0003\000\040\000C\000a\000s\000e\000s}{section.77}% 52
\BOOKMARK [3][-]{subsubsection.81}{\376\377\0002\000.\0004\000.\0003\000.\0001\000\040\000P\000a\000t\000h\000\040\000D\000e\000s\000i\000g\000n}{subsection.80}% 53
\BOOKMARK [3][-]{subsubsection.88}{\376\377\0002\000.\0004\000.\0003\000.\0002\000\040\000P\000u\000b\000l\000i\000c\000\040\000t\000o\000\040\000P\000r\000i\000v\000a\000t\000e\000\040\000S\000p\000a\000c\000e\000\040\000T\000r\000a\000n\000s\000i\000t\000i\000o\000n}{subsection.80}% 54
\BOOKMARK [0][-]{chapter.91}{\376\377\0003\000\040\000P\000r\000e\000l\000i\000m\000i\000n\000a\000r\000y\000\040\000D\000e\000s\000i\000g\000n}{}% 55
\BOOKMARK [1][-]{section.92}{\376\377\0003\000.\0001\000\040\000D\000e\000s\000i\000g\000n\000\040\000S\000p\000e\000c\000i\000f\000i\000c\000a\000t\000i\000o\000n}{chapter.91}% 56
\BOOKMARK [2][-]{subsection.93}{\376\377\0003\000.\0001\000.\0001\000\040\000M\000a\000j\000o\000r\000\040\000F\000u\000n\000c\000t\000i\000o\000n\000s}{section.92}% 57
\BOOKMARK [1][-]{section.98}{\376\377\0003\000.\0002\000\040\000S\000i\000t\000e\000\040\000P\000l\000a\000n\000n\000i\000n\000g}{chapter.91}% 58
\BOOKMARK [1][-]{section.102}{\376\377\0003\000.\0003\000\040\000L\000i\000v\000i\000n\000g\000\040\000U\000n\000i\000t\000\040\000a\000n\000d\000\040\000G\000r\000o\000u\000p\000\040\000D\000e\000s\000i\000g\000n}{chapter.91}% 59
\BOOKMARK [2][-]{subsection.103}{\376\377\0003\000.\0003\000.\0001\000\040\000T\000o\000p\000o\000l\000o\000g\000i\000c\000a\000l\000\040\000P\000a\000t\000t\000e\000r\000n\000\040\000o\000f\000\040\000L\000i\000v\000i\000n\000g\000\040\000C\000l\000u\000s\000t\000e\000r\000\040\000D\000e\000s\000i\000g\000n}{section.102}% 60
\BOOKMARK [2][-]{subsection.105}{\376\377\0003\000.\0003\000.\0002\000\040\000D\000e\000s\000i\000g\000n\000\040\000L\000i\000v\000i\000n\000g\000\040\000U\000n\000i\000t}{section.102}% 61
\BOOKMARK [2][-]{subsection.110}{\376\377\0003\000.\0003\000.\0003\000\040\000C\000o\000m\000m\000o\000n\000\040\000S\000p\000a\000c\000e\000\040\000b\000e\000t\000w\000e\000e\000n\000\040\000L\000i\000v\000i\000n\000g\000\040\000U\000n\000i\000t}{section.102}% 62
\BOOKMARK [1][-]{section.115}{\376\377\0003\000.\0004\000\040\000P\000a\000t\000h\000\040\000A\000r\000r\000a\000n\000g\000e\000m\000e\000n\000t}{chapter.91}% 63
\BOOKMARK [2][-]{subsection.117}{\376\377\0003\000.\0004\000.\0001\000\040\000A\000c\000c\000e\000s\000s\000\040\000t\000o\000\040\000N\000a\000t\000u\000r\000e}{section.115}% 64
\BOOKMARK [1][-]{section.119}{\376\377\0003\000.\0005\000\040\000S\000c\000h\000e\000m\000a\000t\000i\000c\000\040\000f\000o\000r\000\040\000S\000u\000s\000t\000a\000i\000n\000a\000b\000l\000e\000\040\000S\000y\000s\000t\000e\000m}{chapter.91}% 65
\BOOKMARK [0][-]{chapter.121}{\376\377\0004\000\040\000D\000r\000a\000w\000i\000n\000g\000s}{}% 66
\BOOKMARK [0][-]{appendix.127}{\376\377\000A\000\040\000L\000i\000s\000t\000\040\000o\000f\000\040\000E\000x\000i\000s\000t\000i\000n\000g\000\040\000S\000e\000n\000i\000o\000r\000\040\000C\000e\000n\000t\000e\000r}{}% 67
\BOOKMARK [1][-]{section.128}{\376\377\000A\000.\0001\000\040\000S\000e\000n\000i\000o\000r\000\040\000C\000e\000n\000t\000e\000r\000\040\000L\000o\000c\000a\000t\000i\000o\000n}{appendix.127}% 68
\BOOKMARK [0][-]{appendix.130}{\376\377\000B\000\040\000D\000a\000t\000a\000\040\000P\000r\000o\000c\000e\000s\000s\000i\000n\000g\000\040\000L\000o\000g\000\040\000o\000f\000\040\000G\000I\000S\000\040\000A\000n\000a\000l\000y\000s\000i\000s}{}% 69
\BOOKMARK [1][-]{section.131}{\376\377\000B\000.\0001\000\040\000i\000n\000t\000r\000o\000d\000u\000c\000t\000i\000o\000n}{appendix.130}% 70
\BOOKMARK [1][-]{section.132}{\376\377\000B\000.\0002\000\040\000P\000r\000o\000c\000e\000s\000s}{appendix.130}% 71
\BOOKMARK [2][-]{subsection.133}{\376\377\000B\000.\0002\000.\0001\000\040\000B\000u\000i\000l\000d\000i\000n\000g\000\040\000B\000a\000s\000e\000\040\000M\000a\000p\000\040\000a\000n\000d\000\040\000A\000c\000q\000u\000i\000r\000i\000n\000g\000\040\000G\000e\000o\000g\000r\000a\000p\000h\000i\000c\000\040\000D\000a\000t\000a}{section.132}% 72
\BOOKMARK [2][-]{subsection.143}{\376\377\000B\000.\0002\000.\0002\000\040\000U\000s\000i\000n\000g\000\040\000G\000e\000o\000c\000o\000d\000i\000n\000g\000\040\000t\000o\000\040\000A\000d\000d\000\040\000S\000e\000n\000i\000o\000r\000\040\000C\000e\000n\000t\000e\000r\000s\000\040\000t\000o\000\040\000t\000h\000e\000\040\000M\000a\000p}{section.132}% 73
\BOOKMARK [0][-]{dummy.148}{\376\377\000B\000i\000b\000l\000i\000o\000g\000r\000a\000p\000h\000y}{}% 74
